生成启动时间为 2021/5/4 12:12:00。
     1>项目“c:\Users\朱语凡\documents\visual studio 2010\Projects\WordCount\WordCount\WordCount.vcxproj”在节点 2 上(build 个目标)。
     1>InitializeBuildStatus:
         正在创建“Debug\WordCount.unsuccessfulbuild”，因为已指定“AlwaysCreate”。
       ClCompile:
         c:\Program Files (x86)\Microsoft Visual Studio 10.0\VC\bin\CL.exe /c /ZI /nologo /W3 /WX- /Od /Oy- /D WIN32 /D _DEBUG /D _CONSOLE /D _UNICODE /D UNICODE /Gm /EHsc /RTC1 /MDd /GS /fp:precise /Zc:wchar_t /Zc:forScope /Fo"Debug\\" /Fd"Debug\vc100.pdb" /Gd /TC /analyze- /errorReport:prompt WordCount.c
         WordCount.c
     1>c:\users\朱语凡\documents\visual studio 2010\projects\wordcount\wordcount\wordcount.c(14): warning C4996: 'fopen': This function or variable may be unsafe. Consider using fopen_s instead. To disable deprecation, use _CRT_SECURE_NO_WARNINGS. See online help for details.
                 c:\program files (x86)\microsoft visual studio 10.0\vc\include\stdio.h(234) : 参见“fopen”的声明
     1>c:\users\朱语凡\documents\visual studio 2010\projects\wordcount\wordcount\wordcount.c(24): warning C4047: “!=”:“int”与“void *”的间接级别不同
       ManifestResourceCompile:
         所有输出均为最新。
       Link:
         c:\Program Files (x86)\Microsoft Visual Studio 10.0\VC\bin\link.exe /ERRORREPORT:PROMPT /OUT:"c:\users\朱语凡\documents\visual studio 2010\Projects\WordCount\Debug\WordCount.exe" /INCREMENTAL /NOLOGO kernel32.lib user32.lib gdi32.lib winspool.lib comdlg32.lib advapi32.lib shell32.lib ole32.lib oleaut32.lib uuid.lib odbc32.lib odbccp32.lib /MANIFEST /ManifestFile:"Debug\WordCount.exe.intermediate.manifest" /MANIFESTUAC:"level='asInvoker' uiAccess='false'" /DEBUG /PDB:"c:\users\朱语凡\documents\visual studio 2010\Projects\WordCount\Debug\WordCount.pdb" /SUBSYSTEM:CONSOLE /TLBID:1 /DYNAMICBASE /NXCOMPAT /IMPLIB:"c:\users\朱语凡\documents\visual studio 2010\Projects\WordCount\Debug\WordCount.lib" /MACHINE:X86 Debug\WordCount.exe.embed.manifest.res
         Debug\WordCount.obj
       Manifest:
         c:\Program Files (x86)\Microsoft SDKs\Windows\v7.0A\bin\mt.exe /nologo /verbose /out:"Debug\WordCount.exe.embed.manifest" /manifest Debug\WordCount.exe.intermediate.manifest
         所有输出均为最新。
       LinkEmbedManifest:
         所有输出均为最新。
         WordCount.vcxproj -> c:\users\朱语凡\documents\visual studio 2010\Projects\WordCount\Debug\WordCount.exe
       FinalizeBuildStatus:
         正在删除文件“Debug\WordCount.unsuccessfulbuild”。
         正在对“Debug\WordCount.lastbuildstate”执行 Touch 任务。
     1>已完成生成项目“c:\Users\朱语凡\documents\visual studio 2010\Projects\WordCount\WordCount\WordCount.vcxproj”(build 个目标)的操作。

生成成功。

已用时间 00:00:00.83
